2021-11-13 08:16:28 info: ===================================
2021-11-13 08:16:28 info: ======= ENV: development =======
2021-11-13 08:16:28 info: 🚀 App listening on the port 3000
2021-11-13 08:16:28 info: =================================
2021-11-13 10:06:02 info: ===================================
2021-11-13 10:06:02 info: ======= ENV: development =======
2021-11-13 10:06:02 info: 🚀 App listening on the port 3000
2021-11-13 10:06:02 info: =================================
2021-11-13 10:06:08 info: ===================================
2021-11-13 10:06:08 info: ======= ENV: development =======
2021-11-13 10:06:08 info: 🚀 App listening on the port 3000
2021-11-13 10:06:08 info: =================================
2021-11-13 10:06:52 info: ===================================
2021-11-13 10:06:52 info: ======= ENV: development =======
2021-11-13 10:06:52 info: 🚀 App listening on the port 3000
2021-11-13 10:06:52 info: =================================
2021-11-13 10:06:58 info: ===================================
2021-11-13 10:06:58 info: ======= ENV: development =======
2021-11-13 10:06:58 info: 🚀 App listening on the port 3000
2021-11-13 10:06:58 info: =================================
2021-11-13 10:07:23 info: ===================================
2021-11-13 10:07:23 info: ======= ENV: development =======
2021-11-13 10:07:23 info: 🚀 App listening on the port 3000
2021-11-13 10:07:23 info: =================================
2021-11-13 10:07:40 info: [0mGET / [33m404[0m 4.040 ms - 36[0m
2021-11-13 10:07:40 info: [0mGET /favicon.ico [33m404[0m 0.613 ms - 36[0m
2021-11-13 10:14:16 info: ===================================
2021-11-13 10:14:16 info: ======= ENV: development =======
2021-11-13 10:14:16 info: 🚀 App listening on the port 3000
2021-11-13 10:14:16 info: =================================
2021-11-13 10:15:17 info: ===================================
2021-11-13 10:15:17 info: ======= ENV: development =======
2021-11-13 10:15:17 info: 🚀 App listening on the port 3000
2021-11-13 10:15:17 info: =================================
2021-11-13 10:15:44 info: [0mGET / [33m404[0m 4.577 ms - 36[0m
2021-11-13 10:15:44 info: [0mGET /favicon.ico [33m404[0m 1.600 ms - 36[0m
2021-11-13 10:15:47 info: [0mGET / [33m404[0m 0.476 ms - 36[0m
2021-11-13 10:15:49 info: [0mGET / [33m404[0m 0.524 ms - 36[0m
2021-11-13 10:16:06 info: [0mGET / [33m404[0m 0.916 ms - 36[0m
2021-11-13 10:16:41 info: [0mGET / [33m404[0m 0.978 ms - 36[0m
2021-11-13 10:16:43 info: [0mGET /favicon.ico [33m404[0m 0.921 ms - 36[0m
2021-11-13 10:17:48 info: [0mPOST /hello [33m404[0m 29.216 ms - 36[0m
2021-11-13 10:20:55 info: ===================================
2021-11-13 10:20:55 info: ======= ENV: development =======
2021-11-13 10:20:55 info: 🚀 App listening on the port 3000
2021-11-13 10:20:55 info: =================================
2021-11-13 10:22:38 info: ===================================
2021-11-13 10:22:38 info: ======= ENV: development =======
2021-11-13 10:22:38 info: 🚀 App listening on the port 3000
2021-11-13 10:22:38 info: =================================
2021-11-13 10:22:41 info: ===================================
2021-11-13 10:22:41 info: ======= ENV: development =======
2021-11-13 10:22:41 info: 🚀 App listening on the port 3000
2021-11-13 10:22:41 info: =================================
2021-11-13 10:22:56 info: ===================================
2021-11-13 10:22:56 info: ======= ENV: development =======
2021-11-13 10:22:56 info: 🚀 App listening on the port 3000
2021-11-13 10:22:56 info: =================================
2021-11-13 10:23:00 info: ===================================
2021-11-13 10:23:00 info: ======= ENV: development =======
2021-11-13 10:23:00 info: 🚀 App listening on the port 3000
2021-11-13 10:23:00 info: =================================
2021-11-13 10:23:30 info: ===================================
2021-11-13 10:23:30 info: ======= ENV: development =======
2021-11-13 10:23:30 info: 🚀 App listening on the port 3000
2021-11-13 10:23:30 info: =================================
2021-11-13 10:25:22 info: ===================================
2021-11-13 10:25:22 info: ======= ENV: development =======
2021-11-13 10:25:22 info: 🚀 App listening on the port 3000
2021-11-13 10:25:22 info: =================================
2021-11-13 10:30:13 info: ===================================
2021-11-13 10:30:13 info: ======= ENV: development =======
2021-11-13 10:30:13 info: 🚀 App listening on the port 3000
2021-11-13 10:30:13 info: =================================
2021-11-13 10:30:43 info: ===================================
2021-11-13 10:30:43 info: ======= ENV: development =======
2021-11-13 10:30:43 info: 🚀 App listening on the port 3000
2021-11-13 10:30:43 info: =================================
2021-11-13 10:35:07 info: ===================================
2021-11-13 10:35:07 info: ======= ENV: development =======
2021-11-13 10:35:07 info: 🚀 App listening on the port 3000
2021-11-13 10:35:07 info: =================================
2021-11-13 10:36:36 info: ===================================
2021-11-13 10:36:36 info: ======= ENV: development =======
2021-11-13 10:36:36 info: 🚀 App listening on the port 3000
2021-11-13 10:36:36 info: =================================
2021-11-13 10:36:46 info: ===================================
2021-11-13 10:36:46 info: ======= ENV: development =======
2021-11-13 10:36:46 info: 🚀 App listening on the port 3000
2021-11-13 10:36:46 info: =================================
2021-11-13 10:37:34 info: ===================================
2021-11-13 10:37:34 info: ======= ENV: development =======
2021-11-13 10:37:34 info: 🚀 App listening on the port 3000
2021-11-13 10:37:34 info: =================================
2021-11-13 10:38:14 info: ===================================
2021-11-13 10:38:14 info: ======= ENV: development =======
2021-11-13 10:38:14 info: 🚀 App listening on the port 3000
2021-11-13 10:38:14 info: =================================
2021-11-13 10:43:34 info: [0mGET / [33m404[0m 4.793 ms - 36[0m
2021-11-13 10:43:35 info: [0mGET /favicon.ico [33m404[0m 1.731 ms - 36[0m
2021-11-13 10:43:43 info: [0mGET / [33m404[0m 0.584 ms - 36[0m
2021-11-13 10:44:52 info: ===================================
2021-11-13 10:44:52 info: ======= ENV: development =======
2021-11-13 10:44:52 info: 🚀 App listening on the port 3000
2021-11-13 10:44:52 info: =================================
2021-11-13 10:45:11 info: [0mGET / [33m404[0m 4.150 ms - 36[0m
2021-11-13 10:46:47 info: [0mPOST /api/v1/hello [0m-[0m - ms - -[0m
2021-11-13 10:47:12 info: [0mPOST /api/v1/hello [0m-[0m - ms - -[0m
2021-11-13 10:48:13 info: [0mPOST /api/v1/hello [0m-[0m - ms - -[0m
2021-11-13 10:50:50 info: [0mPOST /api/v1/hello [0m-[0m - ms - -[0m
2021-11-13 10:51:08 info: ===================================
2021-11-13 10:51:08 info: ======= ENV: development =======
2021-11-13 10:51:08 info: 🚀 App listening on the port 3000
2021-11-13 10:51:08 info: =================================
2021-11-13 10:51:08 info: [0mPOST /api/v1/hello [32m200[0m 18.993 ms - 5[0m
2021-11-13 10:55:28 info: ===================================
2021-11-13 10:55:28 info: ======= ENV: development =======
2021-11-13 10:55:28 info: 🚀 App listening on the port 3000
2021-11-13 10:55:28 info: =================================
2021-11-13 10:56:07 info: [0mGET / [33m404[0m 5.838 ms - 36[0m
2021-11-13 10:56:08 info: [0mGET /favicon.ico [33m404[0m 3.040 ms - 36[0m
2021-11-13 10:56:10 info: [0mGET / [33m404[0m 1.012 ms - 36[0m
2021-11-13 10:56:39 info: [0mPOST /api/v1/hello [32m200[0m 26.364 ms - 5[0m
2021-11-13 10:58:59 info: [0mGET / [33m404[0m 0.472 ms - 36[0m
2021-11-13 10:59:14 info: [0mGET / [33m404[0m 0.658 ms - 36[0m
2021-11-13 11:00:44 info: [0mGET / [33m404[0m 0.484 ms - 36[0m
2021-11-13 11:06:03 info: ===================================
2021-11-13 11:06:03 info: ======= ENV: development =======
2021-11-13 11:06:03 info: 🚀 App listening on the port 3000
2021-11-13 11:06:03 info: =================================
2021-11-13 11:12:20 info: ===================================
2021-11-13 11:12:20 info: ======= ENV: development =======
2021-11-13 11:12:20 info: 🚀 App listening on the port 3000
2021-11-13 11:12:20 info: =================================
2021-11-13 11:14:53 info: [0mGET / [33m404[0m 4.137 ms - 36[0m
2021-11-13 11:15:23 info: [0mPOST //api/v1/hello [33m404[0m 14.467 ms - 36[0m
2021-11-13 11:15:30 info: [0mPOST /api/v1/hello [33m404[0m 1.189 ms - 36[0m
2021-11-13 11:15:50 info: ===================================
2021-11-13 11:15:50 info: ======= ENV: development =======
2021-11-13 11:15:50 info: 🚀 App listening on the port 3000
2021-11-13 11:15:50 info: =================================
2021-11-13 11:15:56 info: [0mPOST /api/v1/hello [32m200[0m 11.959 ms - 5[0m
2021-11-13 11:16:27 info: [0mPOST /api/v1/hello [32m200[0m 1.248 ms - 5[0m
2021-11-13 11:24:41 info: ===================================
2021-11-13 11:24:41 info: ======= ENV: development =======
2021-11-13 11:24:41 info: 🚀 App listening on the port 3000
2021-11-13 11:24:41 info: =================================
2021-11-13 11:25:16 info: [0mGET / [33m404[0m 4.594 ms - 36[0m
2021-11-13 11:25:17 info: [0mGET /favicon.ico [33m404[0m 1.222 ms - 36[0m
2021-11-13 11:25:39 info: [0mPOST /api/v1/hello [32m200[0m 18.233 ms - 5[0m
2021-11-13 11:25:52 info: ===================================
2021-11-13 11:25:52 info: ======= ENV: development =======
2021-11-13 11:25:52 info: 🚀 App listening on the port 3000
2021-11-13 11:25:52 info: =================================
2021-11-13 11:26:03 info: ===================================
2021-11-13 11:26:03 info: ======= ENV: development =======
2021-11-13 11:26:03 info: 🚀 App listening on the port 3000
2021-11-13 11:26:03 info: =================================
2021-11-13 11:26:09 info: ===================================
2021-11-13 11:26:09 info: ======= ENV: development =======
2021-11-13 11:26:09 info: 🚀 App listening on the port 3000
2021-11-13 11:26:09 info: =================================
2021-11-13 11:26:14 info: ===================================
2021-11-13 11:26:14 info: ======= ENV: development =======
2021-11-13 11:26:14 info: 🚀 App listening on the port 3000
2021-11-13 11:26:14 info: =================================
2021-11-13 11:27:06 info: ===================================
2021-11-13 11:27:06 info: ======= ENV: development =======
2021-11-13 11:27:06 info: 🚀 App listening on the port 3000
2021-11-13 11:27:06 info: =================================
2021-11-13 11:27:14 info: ===================================
2021-11-13 11:27:14 info: ======= ENV: development =======
2021-11-13 11:27:14 info: 🚀 App listening on the port 3000
2021-11-13 11:27:14 info: =================================
2021-11-13 11:27:21 info: [0mPOST /api/v1/hello [32m200[0m 17.210 ms - 5[0m
2021-11-13 11:27:39 info: [0mPOST /api/v1/hello [32m200[0m 1.172 ms - 5[0m
2021-11-13 11:39:42 info: ===================================
2021-11-13 11:39:42 info: ======= ENV: development =======
2021-11-13 11:39:42 info: 🚀 App listening on the port 3000
2021-11-13 11:39:42 info: =================================
2021-11-13 11:39:51 info: ===================================
2021-11-13 11:39:51 info: ======= ENV: development =======
2021-11-13 11:39:51 info: 🚀 App listening on the port 3000
2021-11-13 11:39:51 info: =================================
2021-11-13 11:40:29 info: ===================================
2021-11-13 11:40:29 info: ======= ENV: development =======
2021-11-13 11:40:29 info: 🚀 App listening on the port 3000
2021-11-13 11:40:29 info: =================================
2021-11-13 11:40:57 info: ===================================
2021-11-13 11:40:57 info: ======= ENV: development =======
2021-11-13 11:40:57 info: 🚀 App listening on the port 3000
2021-11-13 11:40:57 info: =================================
2021-11-13 11:40:59 info: [0mPOST /api/v1/hello [32m200[0m 16.116 ms - 5[0m
2021-11-13 11:42:23 info: ===================================
2021-11-13 11:42:23 info: ======= ENV: development =======
2021-11-13 11:42:23 info: 🚀 App listening on the port 3000
2021-11-13 11:42:23 info: =================================
2021-11-13 11:43:05 info: [0mPOST /api/v1/hello [32m200[0m 19.058 ms - 5[0m
2021-11-13 11:44:39 info: [0mPOST /api/v1/hello [32m200[0m 2.529 ms - 5[0m
2021-11-13 11:45:07 info: ===================================
2021-11-13 11:45:07 info: ======= ENV: development =======
2021-11-13 11:45:07 info: 🚀 App listening on the port 3000
2021-11-13 11:45:07 info: =================================
2021-11-13 11:45:17 info: [0mPOST /api/v1/hello [32m200[0m 16.007 ms - 5[0m
2021-11-13 12:39:38 info: ===================================
2021-11-13 12:39:38 info: ======= ENV: development =======
2021-11-13 12:39:38 info: 🚀 App listening on the port 3000
2021-11-13 12:39:38 info: =================================
2021-11-13 12:39:48 info: [0mPOST /api/v1/hello [32m200[0m 30.121 ms - 5[0m
2021-11-13 12:41:24 info: ===================================
2021-11-13 12:41:24 info: ======= ENV: development =======
2021-11-13 12:41:24 info: 🚀 App listening on the port 3000
2021-11-13 12:41:24 info: =================================
2021-11-13 12:42:06 info: [0mPOST /api/v1/hello [32m200[0m 27.359 ms - 5[0m
2021-11-13 12:43:31 info: ===================================
2021-11-13 12:43:31 info: ======= ENV: development =======
2021-11-13 12:43:31 info: 🚀 App listening on the port 3000
2021-11-13 12:43:31 info: =================================
2021-11-13 12:43:58 info: [0mPOST /api/v1/hello [32m200[0m 25.664 ms - 5[0m
2021-11-13 12:45:39 info: ===================================
2021-11-13 12:45:39 info: ======= ENV: development =======
2021-11-13 12:45:39 info: 🚀 App listening on the port 3000
2021-11-13 12:45:39 info: =================================
2021-11-13 12:49:40 info: ===================================
2021-11-13 12:49:40 info: ======= ENV: development =======
2021-11-13 12:49:40 info: 🚀 App listening on the port 3000
2021-11-13 12:49:40 info: =================================
2021-11-13 14:04:19 info: ===================================
2021-11-13 14:04:19 info: ======= ENV: development =======
2021-11-13 14:04:19 info: 🚀 App listening on the port 3000
2021-11-13 14:04:19 info: =================================
2021-11-13 14:04:46 info: ===================================
2021-11-13 14:04:46 info: ======= ENV: development =======
2021-11-13 14:04:46 info: 🚀 App listening on the port 3000
2021-11-13 14:04:46 info: =================================
2021-11-13 14:04:57 info: ===================================
2021-11-13 14:04:57 info: ======= ENV: development =======
2021-11-13 14:04:57 info: 🚀 App listening on the port 3000
2021-11-13 14:04:57 info: =================================
2021-11-13 14:06:27 info: ===================================
2021-11-13 14:06:27 info: ======= ENV: development =======
2021-11-13 14:06:27 info: 🚀 App listening on the port 3000
2021-11-13 14:06:27 info: =================================
2021-11-13 14:08:05 info: ===================================
2021-11-13 14:08:05 info: ======= ENV: development =======
2021-11-13 14:08:05 info: 🚀 App listening on the port 3000
2021-11-13 14:08:05 info: =================================
2021-11-13 14:09:48 info: ===================================
2021-11-13 14:09:48 info: ======= ENV: development =======
2021-11-13 14:09:48 info: 🚀 App listening on the port 3000
2021-11-13 14:09:48 info: =================================
2021-11-13 14:10:04 info: [0mPOST /api/v1/hello [32m200[0m 27.340 ms - 5[0m
2021-11-13 14:10:13 info: [0mPOST /api/v1/hello [32m200[0m 2.482 ms - 5[0m
2021-11-13 14:10:14 error: [POST] /api/v1/hello >> StatusCode:: 500, Message:: Request failed with status code 500
2021-11-13 14:13:00 info: ===================================
2021-11-13 14:13:00 info: ======= ENV: development =======
2021-11-13 14:13:00 info: 🚀 App listening on the port 3000
2021-11-13 14:13:00 info: =================================
2021-11-13 14:13:16 info: [0mPOST /api/v1/hello [32m200[0m 16.703 ms - 5[0m
2021-11-13 14:13:17 error: [POST] /api/v1/hello >> StatusCode:: 500, Message:: Request failed with status code 500
2021-11-13 14:14:49 info: ===================================
2021-11-13 14:14:49 info: ======= ENV: development =======
2021-11-13 14:14:49 info: 🚀 App listening on the port 3000
2021-11-13 14:14:49 info: =================================
2021-11-13 14:15:07 info: [0mPOST /api/v1/hello [32m200[0m 28.911 ms - 5[0m
2021-11-13 14:15:25 info: ===================================
2021-11-13 14:15:25 info: ======= ENV: development =======
2021-11-13 14:15:25 info: 🚀 App listening on the port 3000
2021-11-13 14:15:25 info: =================================
2021-11-13 14:15:43 info: ===================================
2021-11-13 14:15:43 info: ======= ENV: development =======
2021-11-13 14:15:43 info: 🚀 App listening on the port 3000
2021-11-13 14:15:43 info: =================================
2021-11-13 14:16:03 info: [0mPOST /api/v1/hello [32m200[0m 16.570 ms - 5[0m
2021-11-13 14:16:04 error: [POST] /api/v1/hello >> StatusCode:: 500, Message:: Request failed with status code 500
2021-11-13 14:17:17 info: ===================================
2021-11-13 14:17:17 info: ======= ENV: development =======
2021-11-13 14:17:17 info: 🚀 App listening on the port 3000
2021-11-13 14:17:17 info: =================================
2021-11-13 14:17:27 info: [0mPOST /api/v1/hello [32m200[0m 15.905 ms - 5[0m
2021-11-13 14:18:31 info: ===================================
2021-11-13 14:18:31 info: ======= ENV: development =======
2021-11-13 14:18:31 info: 🚀 App listening on the port 3000
2021-11-13 14:18:31 info: =================================
2021-11-13 14:19:03 info: ===================================
2021-11-13 14:19:03 info: ======= ENV: development =======
2021-11-13 14:19:03 info: 🚀 App listening on the port 3000
2021-11-13 14:19:03 info: =================================
2021-11-13 14:20:15 info: ===================================
2021-11-13 14:20:15 info: ======= ENV: development =======
2021-11-13 14:20:15 info: 🚀 App listening on the port 3000
2021-11-13 14:20:15 info: =================================
2021-11-13 14:22:34 info: ===================================
2021-11-13 14:22:34 info: ======= ENV: development =======
2021-11-13 14:22:34 info: 🚀 App listening on the port 3000
2021-11-13 14:22:34 info: =================================
2021-11-13 14:23:02 info: [0mPOST /api/v1/hello [32m200[0m 29.108 ms - 5[0m
2021-11-13 14:23:04 error: [POST] /api/v1/hello >> StatusCode:: 500, Message:: Request failed with status code 500
2021-11-13 14:57:38 info: ===================================
2021-11-13 14:57:38 info: ======= ENV: development =======
2021-11-13 14:57:38 info: 🚀 App listening on the port 3000
2021-11-13 14:57:38 info: =================================
2021-11-13 14:57:49 info: [0mPOST /api/v1/hello [32m200[0m 31.198 ms - 5[0m
2021-11-13 14:58:16 info: ===================================
2021-11-13 14:58:16 info: ======= ENV: development =======
2021-11-13 14:58:16 info: 🚀 App listening on the port 3000
2021-11-13 14:58:16 info: =================================
2021-11-13 14:58:53 info: ===================================
2021-11-13 14:58:53 info: ======= ENV: development =======
2021-11-13 14:58:53 info: 🚀 App listening on the port 3000
2021-11-13 14:58:53 info: =================================
2021-11-13 14:59:17 info: ===================================
2021-11-13 14:59:17 info: ======= ENV: development =======
2021-11-13 14:59:17 info: 🚀 App listening on the port 3000
2021-11-13 14:59:17 info: =================================
2021-11-13 14:59:45 info: ===================================
2021-11-13 14:59:45 info: ======= ENV: development =======
2021-11-13 14:59:45 info: 🚀 App listening on the port 3000
2021-11-13 14:59:45 info: =================================
2021-11-13 15:00:13 info: [0mPOST /api/v1/hello [32m200[0m 19.273 ms - 5[0m
2021-11-13 15:00:44 info: ===================================
2021-11-13 15:00:44 info: ======= ENV: development =======
2021-11-13 15:00:44 info: 🚀 App listening on the port 3000
2021-11-13 15:00:44 info: =================================
2021-11-13 15:01:14 info: ===================================
2021-11-13 15:01:14 info: ======= ENV: development =======
2021-11-13 15:01:14 info: 🚀 App listening on the port 3000
2021-11-13 15:01:14 info: =================================
2021-11-13 15:01:20 info: [0mPOST /api/v1/hello [32m200[0m 26.199 ms - 5[0m
2021-11-13 15:02:45 info: ===================================
2021-11-13 15:02:45 info: ======= ENV: development =======
2021-11-13 15:02:45 info: 🚀 App listening on the port 3000
2021-11-13 15:02:45 info: =================================
2021-11-13 15:02:50 info: [0mPOST /api/v1/hello [32m200[0m 23.579 ms - 5[0m
2021-11-13 15:07:55 info: ===================================
2021-11-13 15:07:55 info: ======= ENV: development =======
2021-11-13 15:07:55 info: 🚀 App listening on the port 3000
2021-11-13 15:07:55 info: =================================
2021-11-13 15:08:08 info: [0mPOST /api/v1/hello [32m200[0m 26.151 ms - 5[0m
2021-11-13 15:08:46 info: ===================================
2021-11-13 15:08:46 info: ======= ENV: development =======
2021-11-13 15:08:46 info: 🚀 App listening on the port 3000
2021-11-13 15:08:46 info: =================================
2021-11-13 15:12:18 info: ===================================
2021-11-13 15:12:18 info: ======= ENV: development =======
2021-11-13 15:12:18 info: 🚀 App listening on the port 3000
2021-11-13 15:12:18 info: =================================
2021-11-13 15:13:22 info: ===================================
2021-11-13 15:13:22 info: ======= ENV: development =======
2021-11-13 15:13:22 info: 🚀 App listening on the port 3000
2021-11-13 15:13:22 info: =================================
2021-11-13 15:13:44 info: ===================================
2021-11-13 15:13:44 info: ======= ENV: development =======
2021-11-13 15:13:44 info: 🚀 App listening on the port 3000
2021-11-13 15:13:44 info: =================================
2021-11-13 15:15:25 info: ===================================
2021-11-13 15:15:25 info: ======= ENV: development =======
2021-11-13 15:15:25 info: 🚀 App listening on the port 3000
2021-11-13 15:15:25 info: =================================
2021-11-13 15:18:18 info: ===================================
2021-11-13 15:18:18 info: ======= ENV: development =======
2021-11-13 15:18:18 info: 🚀 App listening on the port 3000
2021-11-13 15:18:18 info: =================================
2021-11-13 15:18:46 info: ===================================
2021-11-13 15:18:46 info: ======= ENV: development =======
2021-11-13 15:18:46 info: 🚀 App listening on the port 3000
2021-11-13 15:18:46 info: =================================
2021-11-13 15:21:47 info: ===================================
2021-11-13 15:21:47 info: ======= ENV: development =======
2021-11-13 15:21:47 info: 🚀 App listening on the port 3000
2021-11-13 15:21:47 info: =================================
2021-11-13 15:23:34 info: ===================================
2021-11-13 15:23:34 info: ======= ENV: development =======
2021-11-13 15:23:34 info: 🚀 App listening on the port 3000
2021-11-13 15:23:34 info: =================================
2021-11-13 15:37:47 info: ===================================
2021-11-13 15:37:47 info: ======= ENV: development =======
2021-11-13 15:37:47 info: 🚀 App listening on the port 3000
2021-11-13 15:37:47 info: =================================
2021-11-13 15:38:55 info: ===================================
2021-11-13 15:38:55 info: ======= ENV: development =======
2021-11-13 15:38:55 info: 🚀 App listening on the port 3000
2021-11-13 15:38:55 info: =================================
2021-11-13 15:39:36 info: [0mPOST /api/v1/hello [32m200[0m 26.730 ms - 5[0m
2021-11-13 15:40:25 info: ===================================
2021-11-13 15:40:25 info: ======= ENV: development =======
2021-11-13 15:40:25 info: 🚀 App listening on the port 3000
2021-11-13 15:40:25 info: =================================
2021-11-13 15:40:48 info: ===================================
2021-11-13 15:40:48 info: ======= ENV: development =======
2021-11-13 15:40:48 info: 🚀 App listening on the port 3000
2021-11-13 15:40:48 info: =================================
2021-11-13 15:41:09 info: ===================================
2021-11-13 15:41:09 info: ======= ENV: development =======
2021-11-13 15:41:09 info: 🚀 App listening on the port 3000
2021-11-13 15:41:09 info: =================================
2021-11-13 15:42:44 info: [0mPOST /api/v1/hello [32m200[0m 4.294 ms - 5[0m
2021-11-13 15:46:16 info: ===================================
2021-11-13 15:46:16 info: ======= ENV: development =======
2021-11-13 15:46:16 info: 🚀 App listening on the port 3000
2021-11-13 15:46:16 info: =================================
2021-11-13 15:46:46 info: [0mGET /api/v1/interactions [32m200[0m 239.196 ms - 294[0m
2021-11-13 19:50:10 info: ::ffff:127.0.0.1 - - [13/Nov/2021:18:50:10 +0000] "GET /unknown HTTP/1.1" 404 36 "-" "-"
2021-11-13 19:50:12 info: ***********connected to the db************
2021-11-13 19:50:57 info: ::ffff:127.0.0.1 - - [13/Nov/2021:18:50:57 +0000] "GET /unknown HTTP/1.1" 404 36 "-" "-"
2021-11-13 19:50:59 info: ***********connected to the db************
2021-11-13 19:51:28 info: ::ffff:127.0.0.1 - - [13/Nov/2021:18:51:28 +0000] "GET /unknown HTTP/1.1" 404 36 "-" "-"
2021-11-13 19:51:30 info: ***********connected to the db************
2021-11-13 20:05:11 info: ***********connected to the db************
2021-11-13 20:05:11 info: ===================================
2021-11-13 20:05:11 info: ======= ENV: development =======
2021-11-13 20:05:11 info: 🚀 App listening on the port 3000
2021-11-13 20:05:11 info: =================================
2021-11-13 20:05:17 info: [0mPOST /api/v1/hello [32m200[0m 23.507 ms - 2[0m
2021-11-13 20:09:27 info: ***********connected to the db************
2021-11-13 20:09:27 info: ===================================
2021-11-13 20:09:27 info: ======= ENV: development =======
2021-11-13 20:09:27 info: 🚀 App listening on the port 3000
2021-11-13 20:09:27 info: =================================
2021-11-13 20:26:27 info: ***********connected to the db************
2021-11-13 20:26:27 info: ===================================
2021-11-13 20:26:27 info: ======= ENV: development =======
2021-11-13 20:26:27 info: 🚀 App listening on the port 3000
2021-11-13 20:26:27 info: =================================
2021-11-13 20:26:37 info: [0mPOST /api/v1/hello [32m204[0m 28.429 ms - -[0m
2021-11-13 20:27:00 info: ***********connected to the db************
2021-11-13 20:27:00 info: ===================================
2021-11-13 20:27:00 info: ======= ENV: development =======
2021-11-13 20:27:00 info: 🚀 App listening on the port 3000
2021-11-13 20:27:00 info: =================================
2021-11-13 20:28:14 info: ***********connected to the db************
2021-11-13 20:28:14 info: ===================================
2021-11-13 20:28:14 info: ======= ENV: development =======
2021-11-13 20:28:14 info: 🚀 App listening on the port 3000
2021-11-13 20:28:14 info: =================================
2021-11-13 20:28:27 info: ***********connected to the db************
2021-11-13 20:28:27 info: ===================================
2021-11-13 20:28:27 info: ======= ENV: development =======
2021-11-13 20:28:27 info: 🚀 App listening on the port 3000
2021-11-13 20:28:27 info: =================================
2021-11-13 20:31:16 info: ***********connected to the db************
2021-11-13 20:31:16 info: ===================================
2021-11-13 20:31:16 info: ======= ENV: development =======
2021-11-13 20:31:16 info: 🚀 App listening on the port 3000
2021-11-13 20:31:16 info: =================================
2021-11-13 20:31:26 info: ***********connected to the db************
2021-11-13 20:31:26 info: ===================================
2021-11-13 20:31:26 info: ======= ENV: development =======
2021-11-13 20:31:26 info: 🚀 App listening on the port 3000
2021-11-13 20:31:26 info: =================================
2021-11-13 20:31:32 info: ***********connected to the db************
2021-11-13 20:31:32 info: ===================================
2021-11-13 20:31:32 info: ======= ENV: development =======
2021-11-13 20:31:32 info: 🚀 App listening on the port 3000
2021-11-13 20:31:32 info: =================================
2021-11-13 20:35:43 info: ***********connected to the db************
2021-11-13 20:35:43 info: ===================================
2021-11-13 20:35:43 info: ======= ENV: development =======
2021-11-13 20:35:43 info: 🚀 App listening on the port 3000
2021-11-13 20:35:43 info: =================================
2021-11-13 20:36:06 info: ***********connected to the db************
2021-11-13 20:36:06 info: ===================================
2021-11-13 20:36:06 info: ======= ENV: development =======
2021-11-13 20:36:06 info: 🚀 App listening on the port 3000
2021-11-13 20:36:06 info: =================================
2021-11-13 20:36:21 info: ***********connected to the db************
2021-11-13 20:36:21 info: ===================================
2021-11-13 20:36:21 info: ======= ENV: development =======
2021-11-13 20:36:21 info: 🚀 App listening on the port 3000
2021-11-13 20:36:21 info: =================================
2021-11-13 20:36:28 info: ***********connected to the db************
2021-11-13 20:36:28 info: ===================================
2021-11-13 20:36:28 info: ======= ENV: development =======
2021-11-13 20:36:28 info: 🚀 App listening on the port 3000
2021-11-13 20:36:28 info: =================================
2021-11-13 20:37:15 info: ***********connected to the db************
2021-11-13 20:37:15 info: ===================================
2021-11-13 20:37:15 info: ======= ENV: development =======
2021-11-13 20:37:15 info: 🚀 App listening on the port 3000
2021-11-13 20:37:15 info: =================================
2021-11-13 20:37:54 info: ***********connected to the db************
2021-11-13 20:37:54 info: ===================================
2021-11-13 20:37:54 info: ======= ENV: development =======
2021-11-13 20:37:54 info: 🚀 App listening on the port 3000
2021-11-13 20:37:54 info: =================================
2021-11-13 20:38:34 info: ***********connected to the db************
2021-11-13 20:38:34 info: ===================================
2021-11-13 20:38:34 info: ======= ENV: development =======
2021-11-13 20:38:34 info: 🚀 App listening on the port 3000
2021-11-13 20:38:34 info: =================================
2021-11-13 20:46:48 info: ::ffff:127.0.0.1 - - [13/Nov/2021:19:46:48 +0000] "GET /unknown HTTP/1.1" 404 36 "-" "-"
2021-11-13 20:46:48 info: ::ffff:127.0.0.1 - - [13/Nov/2021:19:46:48 +0000] "POST //api/v1/hello HTTP/1.1" 404 36 "-" "-"
2021-11-13 20:47:26 info: ::ffff:127.0.0.1 - - [13/Nov/2021:19:47:26 +0000] "GET /unknown HTTP/1.1" 404 36 "-" "-"
2021-11-13 20:47:27 info: ::ffff:127.0.0.1 - - [13/Nov/2021:19:47:27 +0000] "POST //api/v1/hello HTTP/1.1" 404 36 "-" "-"
2021-11-13 20:47:47 info: ::ffff:127.0.0.1 - - [13/Nov/2021:19:47:47 +0000] "GET /unknown HTTP/1.1" 404 36 "-" "-"
2021-11-13 20:47:47 info: ::ffff:127.0.0.1 - - [13/Nov/2021:19:47:47 +0000] "POST /api/v1/hello HTTP/1.1" 204 - "-" "-"
2021-11-13 20:48:37 info: ::ffff:127.0.0.1 - - [13/Nov/2021:19:48:37 +0000] "GET /unknown HTTP/1.1" 404 36 "-" "-"
2021-11-13 20:48:38 info: ::ffff:127.0.0.1 - - [13/Nov/2021:19:48:38 +0000] "POST /api/v1/hello HTTP/1.1" 204 - "-" "-"
2021-11-13 20:49:53 error: [POST] /api/v1/hello >> StatusCode:: 500, Message:: connect ETIMEDOUT 67.225.146.248:80
2021-11-13 20:50:14 info: ::ffff:127.0.0.1 - - [13/Nov/2021:19:50:14 +0000] "GET /unknown HTTP/1.1" 404 36 "-" "-"
2021-11-13 20:50:14 info: ::ffff:127.0.0.1 - - [13/Nov/2021:19:50:14 +0000] "POST /api/v1/hello HTTP/1.1" 204 - "-" "-"
2021-11-13 20:51:24 info: ::ffff:127.0.0.1 - - [13/Nov/2021:19:51:24 +0000] "GET /unknown HTTP/1.1" 404 36 "-" "-"
2021-11-13 20:51:24 info: ::ffff:127.0.0.1 - - [13/Nov/2021:19:51:24 +0000] "POST /api/v1/hello HTTP/1.1" 204 - "-" "-"
2021-11-13 20:52:12 info: ::ffff:127.0.0.1 - - [13/Nov/2021:19:52:12 +0000] "GET /unknown HTTP/1.1" 404 36 "-" "-"
2021-11-13 20:52:12 info: ::ffff:127.0.0.1 - - [13/Nov/2021:19:52:12 +0000] "POST /api/v1/hello HTTP/1.1" 204 - "-" "-"
2021-11-13 20:52:36 info: ::ffff:127.0.0.1 - - [13/Nov/2021:19:52:36 +0000] "GET /unknown HTTP/1.1" 404 36 "-" "-"
2021-11-13 20:52:36 info: ::ffff:127.0.0.1 - - [13/Nov/2021:19:52:36 +0000] "POST /api/v1/hello HTTP/1.1" 204 - "-" "-"
2021-11-13 21:38:58 info: ::ffff:127.0.0.1 - - [13/Nov/2021:20:38:58 +0000] "POST /api/v1/hello HTTP/1.1" 204 - "-" "-"
2021-11-13 21:38:58 error: [GET] /api/v1/interactions >> StatusCode:: 500, Message:: Cannot read property 'collection' of undefined
2021-11-13 21:38:58 info: ::ffff:127.0.0.1 - - [13/Nov/2021:20:38:58 +0000] "GET /api/v1/interactions HTTP/1.1" 500 60 "-" "-"
2021-11-13 21:39:00 info: ***********connected to the db************
2021-11-13 21:39:59 info: ::ffff:127.0.0.1 - - [13/Nov/2021:20:39:59 +0000] "GET /unknown HTTP/1.1" 404 36 "-" "-"
2021-11-13 21:39:59 info: ::ffff:127.0.0.1 - - [13/Nov/2021:20:39:59 +0000] "POST /api/v1/hello HTTP/1.1" 204 - "-" "-"
2021-11-13 21:39:59 error: [GET] /api/v1/interactions >> StatusCode:: 500, Message:: Cannot read property 'collection' of undefined
2021-11-13 21:39:59 info: ::ffff:127.0.0.1 - - [13/Nov/2021:20:39:59 +0000] "GET /api/v1/interactions HTTP/1.1" 500 60 "-" "-"
2021-11-13 21:40:01 info: ***********connected to the db************
2021-11-13 21:40:55 info: ::ffff:127.0.0.1 - - [13/Nov/2021:20:40:55 +0000] "GET /unknown HTTP/1.1" 404 36 "-" "-"
2021-11-13 21:40:55 info: ::ffff:127.0.0.1 - - [13/Nov/2021:20:40:55 +0000] "POST /api/v1/hello HTTP/1.1" 204 - "-" "-"
2021-11-13 21:40:58 info: ***********connected to the db************
2021-11-13 21:42:11 error: [POST] /api/v1/hello >> StatusCode:: 500, Message:: connect ETIMEDOUT 67.225.146.248:80
2021-11-13 21:44:41 info: ::ffff:127.0.0.1 - - [13/Nov/2021:20:44:41 +0000] "GET /unknown HTTP/1.1" 404 36 "-" "-"
2021-11-13 21:44:41 info: ::ffff:127.0.0.1 - - [13/Nov/2021:20:44:41 +0000] "POST /api/v1/hello HTTP/1.1" 204 - "-" "-"
2021-11-13 21:44:43 info: ***********connected to the db************
2021-11-13 21:45:06 info: ***********connected to the db************
2021-11-13 21:45:06 info: ::ffff:127.0.0.1 - - [13/Nov/2021:20:45:06 +0000] "GET /unknown HTTP/1.1" 404 36 "-" "-"
2021-11-13 21:45:06 info: ::ffff:127.0.0.1 - - [13/Nov/2021:20:45:06 +0000] "POST /api/v1/hello HTTP/1.1" 204 - "-" "-"
2021-11-13 21:46:26 info: ***********connected to the db************
2021-11-13 21:46:26 info: ::ffff:127.0.0.1 - - [13/Nov/2021:20:46:26 +0000] "GET /unknown HTTP/1.1" 404 36 "-" "-"
2021-11-13 21:46:26 info: ::ffff:127.0.0.1 - - [13/Nov/2021:20:46:26 +0000] "POST /api/v1/hello HTTP/1.1" 204 - "-" "-"
2021-11-13 21:46:27 info: ::ffff:127.0.0.1 - - [13/Nov/2021:20:46:27 +0000] "GET /api/v1/interactions HTTP/1.1" 200 11 "-" "-"
2021-11-13 21:46:54 info: ***********connected to the db************
2021-11-13 21:46:54 info: ::ffff:127.0.0.1 - - [13/Nov/2021:20:46:54 +0000] "GET /unknown HTTP/1.1" 404 36 "-" "-"
2021-11-13 21:46:54 info: ::ffff:127.0.0.1 - - [13/Nov/2021:20:46:54 +0000] "POST /api/v1/hello HTTP/1.1" 204 - "-" "-"
2021-11-13 21:46:54 info: ::ffff:127.0.0.1 - - [13/Nov/2021:20:46:54 +0000] "GET /api/v1/interactions HTTP/1.1" 200 11 "-" "-"
2021-11-13 21:47:40 info: ***********connected to the db************
2021-11-13 21:47:40 info: ::ffff:127.0.0.1 - - [13/Nov/2021:20:47:40 +0000] "GET /unknown HTTP/1.1" 404 36 "-" "-"
2021-11-13 21:47:40 info: ::ffff:127.0.0.1 - - [13/Nov/2021:20:47:40 +0000] "POST /api/v1/hello HTTP/1.1" 204 - "-" "-"
2021-11-13 21:47:41 info: ::ffff:127.0.0.1 - - [13/Nov/2021:20:47:41 +0000] "GET /api/v1/interactions HTTP/1.1" 200 11 "-" "-"
2021-11-13 21:48:02 info: ***********connected to the db************
2021-11-13 21:48:03 info: ::ffff:127.0.0.1 - - [13/Nov/2021:20:48:03 +0000] "GET /unknown HTTP/1.1" 404 36 "-" "-"
2021-11-13 21:48:04 info: ::ffff:127.0.0.1 - - [13/Nov/2021:20:48:04 +0000] "POST /api/v1/hello HTTP/1.1" 204 - "-" "-"
2021-11-13 21:48:04 info: ::ffff:127.0.0.1 - - [13/Nov/2021:20:48:04 +0000] "GET /api/v1/interactions HTTP/1.1" 200 11 "-" "-"
2021-11-13 21:52:47 info: ***********connected to the db************
2021-11-13 21:52:47 info: ===================================
2021-11-13 21:52:47 info: ======= ENV: development =======
2021-11-13 21:52:47 info: 🚀 App listening on the port 3000
2021-11-13 21:52:47 info: =================================
2021-11-13 21:55:53 info: ***********connected to the db************
2021-11-13 21:55:53 info: ===================================
2021-11-13 21:55:53 info: ======= ENV: development =======
2021-11-13 21:55:53 info: 🚀 App listening on the port 3000
2021-11-13 21:55:53 info: =================================
2021-11-13 21:56:02 info: [0mPOST /api/v1/hello [32m204[0m 25.614 ms - -[0m
2021-11-13 21:56:08 info: [0mPOST /api/v1/interactions [32m204[0m 2.045 ms - -[0m
2021-11-13 21:56:46 info: ***********connected to the db************
2021-11-13 21:56:46 info: ===================================
2021-11-13 21:56:46 info: ======= ENV: development =======
2021-11-13 21:56:46 info: 🚀 App listening on the port 3000
2021-11-13 21:56:46 info: =================================
2021-11-13 21:56:49 info: [0mPOST /api/v1/interactions [32m204[0m 21.767 ms - -[0m
2021-11-13 21:57:11 info: ***********connected to the db************
2021-11-13 21:57:11 info: ===================================
2021-11-13 21:57:11 info: ======= ENV: development =======
2021-11-13 21:57:11 info: 🚀 App listening on the port 3000
2021-11-13 21:57:11 info: =================================
2021-11-13 21:57:29 info: ***********connected to the db************
2021-11-13 21:57:29 info: ===================================
2021-11-13 21:57:29 info: ======= ENV: development =======
2021-11-13 21:57:29 info: 🚀 App listening on the port 3000
2021-11-13 21:57:29 info: =================================
2021-11-13 21:57:37 info: [0mPOST /api/v1/hello [32m204[0m 27.974 ms - -[0m
2021-11-13 21:57:42 info: [0mPOST /api/v1/interactions [32m204[0m 1.826 ms - -[0m
2021-11-13 21:59:05 info: ***********connected to the db************
2021-11-13 21:59:05 info: ===================================
2021-11-13 21:59:05 info: ======= ENV: development =======
2021-11-13 21:59:05 info: 🚀 App listening on the port 3000
2021-11-13 21:59:05 info: =================================
2021-11-13 22:00:31 info: ***********connected to the db************
2021-11-13 22:00:31 info: ===================================
2021-11-13 22:00:31 info: ======= ENV: development =======
2021-11-13 22:00:31 info: 🚀 App listening on the port 3000
2021-11-13 22:00:31 info: =================================
2021-11-13 22:04:32 info: ***********connected to the db************
2021-11-13 22:06:51 info: ::ffff:127.0.0.1 - - [13/Nov/2021:21:06:51 +0000] "GET /unknown HTTP/1.1" 404 36 "-" "-"
2021-11-13 22:06:51 info: ::ffff:127.0.0.1 - - [13/Nov/2021:21:06:51 +0000] "POST /api/v1/hello HTTP/1.1" 204 - "-" "-"
2021-11-13 22:06:54 info: ***********connected to the db************
2021-11-13 22:06:55 info: ::ffff:127.0.0.1 - - [13/Nov/2021:21:06:55 +0000] "GET /api/v1/interactions HTTP/1.1" 200 11 "-" "-"
2021-11-13 22:06:55 info: ::ffff:127.0.0.1 - - [13/Nov/2021:21:06:55 +0000] "POST /api/v1/interactions HTTP/1.1" 204 - "-" "-"
2021-11-13 22:06:56 info: ::ffff:127.0.0.1 - - [13/Nov/2021:21:06:56 +0000] "GET /api/v1/interactions HTTP/1.1" 200 123 "-" "-"
2021-11-13 22:06:57 error: [POST] /api/v1/interactions >> StatusCode:: 500, Message:: Request failed with status code 404
2021-11-13 22:08:07 error: [POST] /api/v1/hello >> StatusCode:: 500, Message:: connect ETIMEDOUT 67.225.146.248:80
2021-11-13 22:08:57 info: ::ffff:127.0.0.1 - - [13/Nov/2021:21:08:57 +0000] "GET /unknown HTTP/1.1" 404 36 "-" "-"
2021-11-13 22:08:57 info: ::ffff:127.0.0.1 - - [13/Nov/2021:21:08:57 +0000] "POST /api/v1/hello HTTP/1.1" 204 - "-" "-"
2021-11-13 22:09:00 info: ***********connected to the db************
2021-11-13 22:09:00 info: ::ffff:127.0.0.1 - - [13/Nov/2021:21:09:00 +0000] "GET /api/v1/interactions HTTP/1.1" 200 11 "-" "-"
2021-11-13 22:09:00 info: ::ffff:127.0.0.1 - - [13/Nov/2021:21:09:00 +0000] "POST /api/v1/interactions HTTP/1.1" 204 - "-" "-"
2021-11-13 22:09:02 info: ::ffff:127.0.0.1 - - [13/Nov/2021:21:09:02 +0000] "GET /api/v1/interactions HTTP/1.1" 200 123 "-" "-"
2021-11-13 22:09:03 error: [POST] /api/v1/interactions >> StatusCode:: 500, Message:: Request failed with status code 404
2021-11-13 22:09:59 info: ::ffff:127.0.0.1 - - [13/Nov/2021:21:09:59 +0000] "GET /unknown HTTP/1.1" 404 36 "-" "-"
2021-11-13 22:09:59 info: ::ffff:127.0.0.1 - - [13/Nov/2021:21:09:59 +0000] "POST /api/v1/hello HTTP/1.1" 204 - "-" "-"
2021-11-13 22:10:02 info: ***********connected to the db************
2021-11-13 22:10:03 info: ::ffff:127.0.0.1 - - [13/Nov/2021:21:10:03 +0000] "GET /api/v1/interactions HTTP/1.1" 200 11 "-" "-"
2021-11-13 22:10:03 info: ::ffff:127.0.0.1 - - [13/Nov/2021:21:10:03 +0000] "POST /api/v1/interactions HTTP/1.1" 204 - "-" "-"
2021-11-13 22:10:03 info: ::ffff:127.0.0.1 - - [13/Nov/2021:21:10:03 +0000] "GET /api/v1/interactions HTTP/1.1" 200 11 "-" "-"
2021-11-13 22:11:17 info: ::ffff:127.0.0.1 - - [13/Nov/2021:21:11:17 +0000] "GET /unknown HTTP/1.1" 404 36 "-" "-"
2021-11-13 22:11:17 info: ::ffff:127.0.0.1 - - [13/Nov/2021:21:11:17 +0000] "POST /api/v1/hello HTTP/1.1" 204 - "-" "-"
2021-11-13 22:11:19 info: ***********connected to the db************
2021-11-13 22:11:20 info: ::ffff:127.0.0.1 - - [13/Nov/2021:21:11:20 +0000] "GET /api/v1/interactions HTTP/1.1" 200 11 "-" "-"
2021-11-13 22:11:20 info: ::ffff:127.0.0.1 - - [13/Nov/2021:21:11:20 +0000] "POST /api/v1/interactions HTTP/1.1" 204 - "-" "-"
2021-11-13 22:11:20 info: ::ffff:127.0.0.1 - - [13/Nov/2021:21:11:20 +0000] "GET /api/v1/interactions HTTP/1.1" 200 11 "-" "-"
2021-11-13 22:12:33 error: [POST] /api/v1/hello >> StatusCode:: 500, Message:: connect ETIMEDOUT 67.225.146.248:80
2021-11-13 22:14:53 info: ::ffff:127.0.0.1 - - [13/Nov/2021:21:14:53 +0000] "GET /unknown HTTP/1.1" 404 36 "-" "-"
2021-11-13 22:14:53 info: ::ffff:127.0.0.1 - - [13/Nov/2021:21:14:53 +0000] "POST /api/v1/hello HTTP/1.1" 204 - "-" "-"
2021-11-13 22:14:55 info: ***********connected to the db************
2021-11-13 22:14:55 info: ***********connected to the db************
2021-11-13 22:14:56 info: ::ffff:127.0.0.1 - - [13/Nov/2021:21:14:56 +0000] "GET /api/v1/interactions HTTP/1.1" 200 11 "-" "-"
2021-11-13 22:14:56 info: ::ffff:127.0.0.1 - - [13/Nov/2021:21:14:56 +0000] "POST /api/v1/interactions HTTP/1.1" 204 - "-" "-"
2021-11-13 22:14:56 info: ::ffff:127.0.0.1 - - [13/Nov/2021:21:14:56 +0000] "GET /api/v1/interactions HTTP/1.1" 200 11 "-" "-"
2021-11-13 22:15:41 info: ::ffff:127.0.0.1 - - [13/Nov/2021:21:15:41 +0000] "GET /unknown HTTP/1.1" 404 36 "-" "-"
2021-11-13 22:15:41 info: ::ffff:127.0.0.1 - - [13/Nov/2021:21:15:41 +0000] "POST /api/v1/hello HTTP/1.1" 204 - "-" "-"
2021-11-13 22:15:43 info: ***********connected to the db************
2021-11-13 22:15:43 info: ***********connected to the db************
2021-11-13 22:15:44 info: ::ffff:127.0.0.1 - - [13/Nov/2021:21:15:44 +0000] "GET /api/v1/interactions HTTP/1.1" 200 11 "-" "-"
2021-11-13 22:15:44 info: ::ffff:127.0.0.1 - - [13/Nov/2021:21:15:44 +0000] "POST /api/v1/interactions HTTP/1.1" 204 - "-" "-"
2021-11-13 22:15:45 info: ::ffff:127.0.0.1 - - [13/Nov/2021:21:15:45 +0000] "GET /api/v1/interactions HTTP/1.1" 200 123 "-" "-"
2021-11-13 22:15:46 error: [POST] /api/v1/interactions >> StatusCode:: 500, Message:: Request failed with status code 404
2021-11-13 22:31:18 info: ::ffff:127.0.0.1 - - [13/Nov/2021:21:31:18 +0000] "GET /unknown HTTP/1.1" 404 36 "-" "-"
2021-11-13 22:31:18 info: ::ffff:127.0.0.1 - - [13/Nov/2021:21:31:18 +0000] "POST /api/v1/hello HTTP/1.1" 204 - "-" "-"
2021-11-13 22:31:20 info: ***********connected to the db************
2021-11-13 22:31:21 info: ::ffff:127.0.0.1 - - [13/Nov/2021:21:31:21 +0000] "GET /api/v1/interactions HTTP/1.1" 200 11 "-" "-"
2021-11-13 22:31:21 info: ::ffff:127.0.0.1 - - [13/Nov/2021:21:31:21 +0000] "GET /api/v1/interactions HTTP/1.1" 200 11 "-" "-"
2021-11-13 22:32:34 info: ::ffff:127.0.0.1 - - [13/Nov/2021:21:32:34 +0000] "GET /unknown HTTP/1.1" 404 36 "-" "-"
2021-11-13 22:32:34 info: ::ffff:127.0.0.1 - - [13/Nov/2021:21:32:34 +0000] "POST /api/v1/hello HTTP/1.1" 204 - "-" "-"
2021-11-13 22:32:36 info: ***********connected to the db************
2021-11-13 22:32:37 info: ::ffff:127.0.0.1 - - [13/Nov/2021:21:32:37 +0000] "GET /api/v1/interactions HTTP/1.1" 200 11 "-" "-"
2021-11-13 22:32:37 info: ::ffff:127.0.0.1 - - [13/Nov/2021:21:32:37 +0000] "GET /api/v1/interactions HTTP/1.1" 200 11 "-" "-"
2021-11-13 22:33:50 error: [POST] /api/v1/hello >> StatusCode:: 500, Message:: connect ETIMEDOUT 67.225.146.248:80
2021-11-13 22:35:03 info: ::ffff:127.0.0.1 - - [13/Nov/2021:21:35:03 +0000] "GET /unknown HTTP/1.1" 404 36 "-" "-"
2021-11-13 22:35:03 info: ::ffff:127.0.0.1 - - [13/Nov/2021:21:35:03 +0000] "POST /api/v1/hello HTTP/1.1" 204 - "-" "-"
2021-11-13 22:35:05 info: ***********connected to the db************
2021-11-13 22:35:06 info: ::ffff:127.0.0.1 - - [13/Nov/2021:21:35:06 +0000] "GET /api/v1/interactions HTTP/1.1" 200 11 "-" "-"
2021-11-13 22:35:06 info: ::ffff:127.0.0.1 - - [13/Nov/2021:21:35:06 +0000] "POST /api/v1/interactions HTTP/1.1" 204 - "-" "-"
2021-11-13 22:35:07 info: ::ffff:127.0.0.1 - - [13/Nov/2021:21:35:07 +0000] "GET /api/v1/interactions HTTP/1.1" 200 123 "-" "-"
2021-11-13 22:35:42 info: ::ffff:127.0.0.1 - - [13/Nov/2021:21:35:42 +0000] "GET /unknown HTTP/1.1" 404 36 "-" "-"
2021-11-13 22:35:42 info: ::ffff:127.0.0.1 - - [13/Nov/2021:21:35:42 +0000] "POST /api/v1/hello HTTP/1.1" 204 - "-" "-"
2021-11-13 22:35:44 info: ***********connected to the db************
2021-11-13 22:35:45 info: ::ffff:127.0.0.1 - - [13/Nov/2021:21:35:45 +0000] "GET /api/v1/interactions HTTP/1.1" 200 11 "-" "-"
2021-11-13 22:35:45 info: ::ffff:127.0.0.1 - - [13/Nov/2021:21:35:45 +0000] "POST /api/v1/interactions HTTP/1.1" 204 - "-" "-"
2021-11-13 22:35:46 info: ::ffff:127.0.0.1 - - [13/Nov/2021:21:35:46 +0000] "GET /api/v1/interactions HTTP/1.1" 200 123 "-" "-"
2021-11-13 22:36:12 info: ::ffff:127.0.0.1 - - [13/Nov/2021:21:36:12 +0000] "GET /unknown HTTP/1.1" 404 36 "-" "-"
2021-11-13 22:36:12 info: ::ffff:127.0.0.1 - - [13/Nov/2021:21:36:12 +0000] "POST /api/v1/hello HTTP/1.1" 204 - "-" "-"
2021-11-13 22:36:15 info: ***********connected to the db************
2021-11-13 22:36:15 info: ::ffff:127.0.0.1 - - [13/Nov/2021:21:36:15 +0000] "GET /api/v1/interactions HTTP/1.1" 200 11 "-" "-"
2021-11-13 22:36:16 info: ::ffff:127.0.0.1 - - [13/Nov/2021:21:36:16 +0000] "POST /api/v1/interactions HTTP/1.1" 204 - "-" "-"
2021-11-13 22:36:17 info: ::ffff:127.0.0.1 - - [13/Nov/2021:21:36:17 +0000] "GET /api/v1/interactions HTTP/1.1" 200 123 "-" "-"
